<?xml version="1.0" encoding="UTF-8"?>
<testsuite xmlns:xsi="http://www.w3.org/2001/XMLSchema-instance" xsi:noNamespaceSchemaLocation="https://maven.apache.org/surefire/maven-surefire-plugin/xsd/surefire-test-report-3.0.xsd" version="3.0" name="com.app.hotel.ApiHotelBeApplicationTests" time="61.672" tests="1" errors="0" skipped="0" failures="0">
  <properties>
[...]
</properties>
  <testcase name="contextLoads" classname="com.app.hotel.ApiHotelBeApplicationTests" time="4.126">
    <system-out><![CDATA[20:37:02.394 [main] INFO org.springframework.test.context.support.AnnotationConfigContextLoaderUtils -- Could not detect default configuration classes for test class [com.app.hotel.ApiHotelBeApplicationTests]: ApiHotelBeApplicationTests does not declare any static, non-private, non-final, nested classes annotated with @Configuration.
20:37:03.282 [main] INFO org.springframework.boot.test.context.SpringBootTestContextBootstrapper -- Found @SpringBootConfiguration com.app.hotel.ApiHotelBeApplication for test class com.app.hotel.ApiHotelBeApplicationTests
20:37:04.419 [main] INFO org.springframework.boot.devtools.restart.RestartApplicationListener -- Restart disabled due to context in which it is running

  .   ____          _            __ _ _
 /\\ / ___'_ __ _ _(_)_ __  __ _ \ \ \ \
( ( )\___ | '_ | '_| | '_ \/ _` | \ \ \ \
 \\/  ___)| |_)| | | | | || (_| |  ) ) ) )
  '  |____| .__|_| |_|_| |_\__, | / / / /
 =========|_|==============|___/=/_/_/_/
 :: Spring Boot ::                (v3.1.5)

2023-11-12T20:37:06.848-06:00  INFO 3592 --- [           main] c.app.hotel.ApiHotelBeApplicationTests   : Starting ApiHotelBeApplicationTests using Java 17.0.2 with PID 3592 (started by LGRR in C:\Program Files\sts-4.14.1.RELEASE\APIHotelBE)
2023-11-12T20:37:06.857-06:00  INFO 3592 --- [           main] c.app.hotel.ApiHotelBeApplicationTests   : No active profile set, falling back to 1 default profile: "default"
2023-11-12T20:37:14.889-06:00  INFO 3592 --- [           main] .s.d.r.c.RepositoryConfigurationDelegate : Bootstrapping Spring Data JPA repositories in DEFAULT mode.
2023-11-12T20:37:15.712-06:00  INFO 3592 --- [           main] .s.d.r.c.RepositoryConfigurationDelegate : Finished Spring Data repository scanning in 762 ms. Found 11 JPA repository interfaces.
2023-11-12T20:37:20.884-06:00  INFO 3592 --- [           main] o.hibernate.jpa.internal.util.LogHelper  : HHH000204: Processing PersistenceUnitInfo [name: default]
2023-11-12T20:37:21.536-06:00  INFO 3592 --- [           main] org.hibernate.Version                    : HHH000412: Hibernate ORM core version 6.2.13.Final
2023-11-12T20:37:21.555-06:00  INFO 3592 --- [           main] org.hibernate.cfg.Environment            : HHH000406: Using bytecode reflection optimizer
2023-11-12T20:37:24.624-06:00  INFO 3592 --- [           main] o.s.o.j.p.SpringPersistenceUnitInfo      : No LoadTimeWeaver setup: ignoring JPA class transformer
2023-11-12T20:37:24.985-06:00  INFO 3592 --- [           main] com.zaxxer.hikari.HikariDataSource       : HikariPool-1 - Starting...
2023-11-12T20:37:27.057-06:00  INFO 3592 --- [           main] com.zaxxer.hikari.pool.HikariPool        : HikariPool-1 - Added connection org.postgresql.jdbc.PgConnection@75ed7512
2023-11-12T20:37:27.073-06:00  INFO 3592 --- [           main] com.zaxxer.hikari.HikariDataSource       : HikariPool-1 - Start completed.
2023-11-12T20:37:27.508-06:00  WARN 3592 --- [           main] org.hibernate.orm.deprecation            : HHH90000025: PostgreSQLDialect does not need to be specified explicitly using 'hibernate.dialect' (remove the property setting and it will be selected by default)
2023-11-12T20:37:32.201-06:00  WARN 3592 --- [           main] org.hibernate.mapping.RootClass          : HHH000038: Composite-id class does not override equals(): com.app.hotel.entity.ReservaHabID
2023-11-12T20:37:32.202-06:00  WARN 3592 --- [           main] org.hibernate.mapping.RootClass          : HHH000039: Composite-id class does not override hashCode(): com.app.hotel.entity.ReservaHabID
2023-11-12T20:37:32.204-06:00  WARN 3592 --- [           main] org.hibernate.mapping.RootClass          : HHH000038: Composite-id class does not override equals(): com.app.hotel.entity.ServiciosConsID
2023-11-12T20:37:32.205-06:00  WARN 3592 --- [           main] org.hibernate.mapping.RootClass          : HHH000039: Composite-id class does not override hashCode(): com.app.hotel.entity.ServiciosConsID
2023-11-12T20:37:38.367-06:00  INFO 3592 --- [           main] o.h.m.internal.PojoInstantiatorImpl      : HHH000182: No default (no-argument) constructor for class: com.app.hotel.entity.ReservaHabID (class must be instantiated by Interceptor)
2023-11-12T20:37:38.427-06:00  INFO 3592 --- [           main] o.h.m.internal.PojoInstantiatorImpl      : HHH000182: No default (no-argument) constructor for class: com.app.hotel.entity.ServiciosConsID (class must be instantiated by Interceptor)
2023-11-12T20:37:39.502-06:00  INFO 3592 --- [           main] o.h.e.t.j.p.i.JtaPlatformInitiator       : HHH000489: No JTA platform available (set 'hibernate.transaction.jta.platform' to enable JTA platform integration)
2023-11-12T20:37:40.765-06:00  INFO 3592 --- [           main] j.LocalContainerEntityManagerFactoryBean : Initialized JPA EntityManagerFactory for persistence unit 'default'
2023-11-12T20:37:43.694-06:00  INFO 3592 --- [           main] o.s.d.j.r.query.QueryEnhancerFactory     : Hibernate is in classpath; If applicable, HQL parser will be used.
2023-11-12T20:37:54.103-06:00  WARN 3592 --- [           main] JpaBaseConfiguration$JpaWebConfiguration : spring.jpa.open-in-view is enabled by default. Therefore, database queries may be performed during view rendering. Explicitly configure spring.jpa.open-in-view to disable this warning
2023-11-12T20:37:58.448-06:00  INFO 3592 --- [           main] c.app.hotel.ApiHotelBeApplicationTests   : Started ApiHotelBeApplicationTests in 54.131 seconds (process running for 61.949)
]]></system-out>
  </testcase>
</testsuite>